#
# A fatal error has been detected by the Java Runtime Environment:
#
#  SIGSEGV (0xb) at pc=0x000000010642379a, pid=9035, tid=0x0000000000005d03
#
# JRE version: Java(TM) SE Runtime Environment (8.0_111-b14) (build 1.8.0_111-b14)
# Java VM: Java HotSpot(TM) 64-Bit Server VM (25.111-b14 mixed mode bsd-amd64 compressed oops)
# Problematic frame:
# j  harvard.Meal.<init>(Ljava/util/Map;)V+56
#
# Failed to write core dump. Core dumps have been disabled. To enable core dumping, try "ulimit -c unlimited" before starting Java again
#
# If you would like to submit a bug report, please visit:
#   http://bugreport.java.com/bugreport/crash.jsp
#

---------------  T H R E A D  ---------------

Current thread (0x00007fdeba3d2000):  JavaThread "http-nio-8080-exec-5" daemon [_thread_in_Java, id=23811, stack(0x00007000019e8000,0x0000700001ae8000)]

siginfo: si_signo: 11 (SIGSEGV), si_code: 1 (SEGV_MAPERR), si_addr: 0x0000000100001fa0

Registers:
RAX=0x000000010546dc50, RBX=0x000000011c1517d8, RCX=0x0000000100001fa0, RDX=0x00000001064082bd
RSP=0x0000700001ae1200, RBP=0x0000700001ae1250, RSI=0x0000000000000007, RDI=0x00007fdeba3d2000
R8 =0x0000700001ae0bd8, R9 =0x0000000000000000, R10=0x000000010546e6f0, R11=0x00000001065b5a80
R12=0x0000000000000000, R13=0x000000011c1515b0, R14=0x0000700001ae1270, R15=0x00007fdeba3d2000
RIP=0x000000010642379a, EFLAGS=0x0000000000010a06, ERR=0x0000000000000004
  TRAPNO=0x000000000000000e

Top of Stack: (sp=0x0000700001ae1200)
0x0000700001ae1200:   00000001064082bd 0000000100001fa0
0x0000700001ae1210:   0000700001ae1210 000000011c1515b0
0x0000700001ae1220:   0000700001ae1270 000000011d2a7b78
0x0000700001ae1230:   0000000000000000 000000011c151608
0x0000700001ae1240:   0000000000000000 0000700001ae1268
0x0000700001ae1250:   0000700001ae12d0 00000001064007a7
0x0000700001ae1260:   00000007bbf2dc80 00000007b666dd40
0x0000700001ae1270:   0000000100001fa0 000000000000000c
0x0000700001ae1280:   00007fdeba3d2000 0000000000000001
0x0000700001ae1290:   000000010640071f 000000011c151608
0x0000700001ae12a0:   0000700001ae1368 0000700001ae16c0
0x0000700001ae12b0:   000000010000000c 000000011c151608
0x0000700001ae12c0:   0000000106412c80 0000700001ae16d0
0x0000700001ae12d0:   0000700001ae1480 0000000104e69f8a
0x0000700001ae12e0:   0000000000000001 00007fdeba3d2000
0x0000700001ae12f0:   0000000000000028 0000700001ae16c0
0x0000700001ae1300:   00007fdebc6f6040 0000000106412c80
0x0000700001ae1310:   0100000790015d90 0000700001ae16c8
0x0000700001ae1320:   0000700001ae16b8 00007fdeba3d2000
0x0000700001ae1330:   00007fdeba3d2000 00007fdebc6f5ef0
0x0000700001ae1340:   00007fdebc6f5fb0 00007fdebc6f6058
0x0000700001ae1350:   00007fdebc6f6098 00000000000000d8
0x0000700001ae1360:   0000700001ae20b0 00007fdeba3d2000
0x0000700001ae1370:   00007fdebca45d40 000000011c151608
0x0000700001ae1380:   00000007b666dd40 0000700001ae1940
0x0000700001ae1390:   0000000106a15ef7 0000000000000000
0x0000700001ae13a0:   0000700001ae16b8 000000010670f44c
0x0000700001ae13b0:   0000000100000000 000000011c151608
0x0000700001ae13c0:   00007fdeba3d2000 00000001067d73ec
0x0000700001ae13d0:   0000700001ae1d50 0000000106760634
0x0000700001ae13e0:   00000007931b7b58 000000011c151608
0x0000700001ae13f0:   00007fdeba3d2000 0000000111b40000 

Instructions: (pc=0x000000010642379a)
0x000000010642377a:   28 8b ca 81 e1 ff 00 00 00 48 8b 4c cc f8 c1 ea
0x000000010642378a:   1c 49 ba f0 e6 46 05 01 00 00 00 49 8b 14 d2 52
0x000000010642379a:   48 3b 01 48 8b 45 e0 48 85 c0 0f 84 12 00 00 00
0x00000001064237aa:   48 83 40 08 01 48 83 58 08 00 48 83 c0 10 48 89 

Register to memory mapping:

RAX=0x000000010546dc50: _ZN20SafepointSynchronize6_stateE+0 in /Library/Java/JavaVirtualMachines/jdk1.8.0_111.jdk/Contents/Home/jre/lib/server/libjvm.dylib at 0x0000000104b7d000
RBX={method} {0x000000011c1517d8} '<init>' '()V' in 'harvard/Meal'
RCX=0x0000000100001fa0 is an unknown value
RDX=0x00000001064082bd is at code_begin+2301 in an Interpreter codelet
invoke return entry points  [0x00000001064079c0, 0x00000001064083a0]  2528 bytes
RSP=0x0000700001ae1200 is pointing into the stack for thread: 0x00007fdeba3d2000
RBP=0x0000700001ae1250 is pointing into the stack for thread: 0x00007fdeba3d2000
RSI=0x0000000000000007 is an unknown value
RDI=0x00007fdeba3d2000 is a thread
R8 =0x0000700001ae0bd8 is pointing into the stack for thread: 0x00007fdeba3d2000
R9 =0x0000000000000000 is an unknown value
R10=0x000000010546e6f0: _ZN19TemplateInterpreter20_invoke_return_entryE+0 in /Library/Java/JavaVirtualMachines/jdk1.8.0_111.jdk/Contents/Home/jre/lib/server/libjvm.dylib at 0x0000000104b7d000
R11=0x00000001065b5a80 is at entry_point+32 in (nmethod*)0x00000001065b5910
R12=0x0000000000000000 is an unknown value
R13=0x000000011c1515b0 is pointing into metadata
R14=0x0000700001ae1270 is pointing into the stack for thread: 0x00007fdeba3d2000
R15=0x00007fdeba3d2000 is a thread


Stack: [0x00007000019e8000,0x0000700001ae8000],  sp=0x0000700001ae1200,  free space=996k
Native frames: (J=compiled Java code, j=interpreted, Vv=VM code, C=native code)
j  harvard.Meal.<init>(Ljava/util/Map;)V+56
v  ~StubRoutines::call_stub
V  [libjvm.dylib+0x2ecf8a]  JavaCalls::call_helper(JavaValue*, methodHandle*, JavaCallArguments*, Thread*)+0x6ae
V  [libjvm.dylib+0x4d1bb4]  Reflection::invoke(instanceKlassHandle, methodHandle, Handle, bool, objArrayHandle, BasicType, objArrayHandle, bool, Thread*)+0xe12
V  [libjvm.dylib+0x4d20e8]  Reflection::invoke_method(oopDesc*, Handle, objArrayHandle, Thread*)+0x16c
V  [libjvm.dylib+0x345394]  JVM_InvokeMethod+0x166
J 2299  sun.reflect.NativeMethodAccessorImpl.invoke0(Ljava/lang/reflect/Method;Ljava/lang/Object;[Ljava/lang/Object;)Ljava/lang/Object; (0 bytes) @ 0x0000000106a15f6d [0x0000000106a15e80+0xed]
J 2298 C1 sun.reflect.NativeMethodAccessorImpl.invoke(Ljava/lang/Object;[Ljava/lang/Object;)Ljava/lang/Object; (104 bytes) @ 0x0000000106a169cc [0x0000000106a16620+0x3ac]
J 793 C1 sun.reflect.DelegatingMethodAccessorImpl.invoke(Ljava/lang/Object;[Ljava/lang/Object;)Ljava/lang/Object; (10 bytes) @ 0x0000000106798ac4 [0x0000000106798a80+0x44]
J 792 C1 java.lang.reflect.Method.invoke(Ljava/lang/Object;[Ljava/lang/Object;)Ljava/lang/Object; (62 bytes) @ 0x00000001067986a4 [0x00000001067985a0+0x104]
J 2146 C1 org.springsource.loaded.ri.ReflectiveInterceptor.jlrMethodInvoke(Ljava/lang/reflect/Method;Ljava/lang/Object;[Ljava/lang/Object;)Ljava/lang/Object; (2214 bytes) @ 0x00000001069c9ccc [0x00000001069c8660+0x166c]
J 3822 C1 org.codehaus.groovy.reflection.CachedMethod.invoke(Ljava/lang/Object;[Ljava/lang/Object;)Ljava/lang/Object; (70 bytes) @ 0x0000000106d50bfc [0x0000000106d50bc0+0x3c]
J 2165 C1 groovy.lang.MetaMethod.doMethodInvoke(Ljava/lang/Object;[Ljava/lang/Object;)Ljava/lang/Object; (22 bytes) @ 0x00000001069dc2d4 [0x00000001069dc260+0x74]
J 4700 C1 org.codehaus.groovy.runtime.metaclass.MethodMetaProperty$GetBeanMethodMetaProperty.getProperty(Ljava/lang/Object;)Ljava/lang/Object; (12 bytes) @ 0x0000000106f2268c [0x0000000106f22640+0x4c]
j  org.codehaus.groovy.runtime.callsite.GetEffectivePogoPropertySite.getProperty(Ljava/lang/Object;)Ljava/lang/Object;+5
J 3856 C1 org.codehaus.groovy.runtime.callsite.AbstractCallSite.callGetProperty(Ljava/lang/Object;)Ljava/lang/Object; (12 bytes) @ 0x0000000106d6f4e4 [0x0000000106d6f480+0x64]
j  harvard.BootStrap$_closure1$_closure3$$EQyG3NoO.doCall(Lharvard/BootStrap$_closure1$_closure3;Ljava/lang/Object;)Ljava/lang/Object;+19
v  ~StubRoutines::call_stub
V  [libjvm.dylib+0x2ecf8a]  JavaCalls::call_helper(JavaValue*, methodHandle*, JavaCallArguments*, Thread*)+0x6ae
V  [libjvm.dylib+0x4d1bb4]  Reflection::invoke(instanceKlassHandle, methodHandle, Handle, bool, objArrayHandle, BasicType, objArrayHandle, bool, Thread*)+0xe12
V  [libjvm.dylib+0x4d20e8]  Reflection::invoke_method(oopDesc*, Handle, objArrayHandle, Thread*)+0x16c
V  [libjvm.dylib+0x345394]  JVM_InvokeMethod+0x166
J 2299  sun.reflect.NativeMethodAccessorImpl.invoke0(Ljava/lang/reflect/Method;Ljava/lang/Object;[Ljava/lang/Object;)Ljava/lang/Object; (0 bytes) @ 0x0000000106a15f6d [0x0000000106a15e80+0xed]
J 2298 C1 sun.reflect.NativeMethodAccessorImpl.invoke(Ljava/lang/Object;[Ljava/lang/Object;)Ljava/lang/Object; (104 bytes) @ 0x0000000106a169cc [0x0000000106a16620+0x3ac]
J 793 C1 sun.reflect.DelegatingMethodAccessorImpl.invoke(Ljava/lang/Object;[Ljava/lang/Object;)Ljava/lang/Object; (10 bytes) @ 0x0000000106798ac4 [0x0000000106798a80+0x44]
J 792 C1 java.lang.reflect.Method.invoke(Ljava/lang/Object;[Ljava/lang/Object;)Ljava/lang/Object; (62 bytes) @ 0x00000001067986a4 [0x00000001067985a0+0x104]
j  org.springsource.loaded.ri.ReloadedTypeInvoker$2.invoke(Ljava/lang/Object;[Ljava/lang/Object;)Ljava/lang/Object;+66
J 2146 C1 org.springsource.loaded.ri.ReflectiveInterceptor.jlrMethodInvoke(Ljava/lang/reflect/Method;Ljava/lang/Object;[Ljava/lang/Object;)Ljava/lang/Object; (2214 bytes) @ 0x00000001069c9dd4 [0x00000001069c8660+0x1774]
J 3822 C1 org.codehaus.groovy.reflection.CachedMethod.invoke(Ljava/lang/Object;[Ljava/lang/Object;)Ljava/lang/Object; (70 bytes) @ 0x0000000106d50bfc [0x0000000106d50bc0+0x3c]
J 2165 C1 groovy.lang.MetaMethod.doMethodInvoke(Ljava/lang/Object;[Ljava/lang/Object;)Ljava/lang/Object; (22 bytes) @ 0x00000001069dc2d4 [0x00000001069dc260+0x74]
J 3816 C1 org.codehaus.groovy.runtime.metaclass.ClosureMetaClass.invokeMethod(Ljava/lang/Class;Ljava/lang/Object;Ljava/lang/String;[Ljava/lang/Object;ZZ)Ljava/lang/Object; (872 bytes) @ 0x0000000106d49edc [0x0000000106d48d00+0x11dc]
J 2145 C1 groovy.lang.MetaClassImpl.invokeMethod(Ljava/lang/Object;Ljava/lang/String;[Ljava/lang/Object;)Ljava/lang/Object; (14 bytes) @ 0x00000001069c75e4 [0x00000001069c7580+0x64]
J 4690 C1 groovy.lang.Closure.call([Ljava/lang/Object;)Ljava/lang/Object; (30 bytes) @ 0x0000000106f1ec3c [0x0000000106f1ebc0+0x7c]
j  harvard.BootStrap$_closure1$_closure3.call([Ljava/lang/Object;)Ljava/lang/Object;+30
J 6233 C1 groovy.lang.Closure.call(Ljava/lang/Object;)Ljava/lang/Object; (13 bytes) @ 0x0000000107189bf4 [0x0000000107189ac0+0x134]
j  harvard.BootStrap$_closure1$_closure3.call(Ljava/lang/Object;)Ljava/lang/Object;+30
j  org.grails.web.converters.marshaller.ClosureObjectMarshaller.marshalObject(Ljava/lang/Object;Lorg/grails/web/converters/Converter;)V+22
J 9061 C1 grails.converters.JSON.value(Ljava/lang/Object;)V (264 bytes) @ 0x000000010686bc8c [0x000000010686b4a0+0x7ec]
J 9087 C1 grails.converters.JSON.convertAnother(Ljava/lang/Object;)V (6 bytes) @ 0x00000001072c5ab4 [0x00000001072c5a80+0x34]
j  org.grails.web.converters.marshaller.json.MapMarshaller.marshalObject(Ljava/lang/Object;Lgrails/converters/JSON;)V+84
j  org.grails.web.converters.marshaller.json.MapMarshaller.marshalObject(Ljava/lang/Object;Lorg/grails/web/converters/Converter;)V+6
J 9061 C1 grails.converters.JSON.value(Ljava/lang/Object;)V (264 bytes) @ 0x000000010686bc8c [0x000000010686b4a0+0x7ec]
J 9087 C1 grails.converters.JSON.convertAnother(Ljava/lang/Object;)V (6 bytes) @ 0x00000001072c5ab4 [0x00000001072c5a80+0x34]
j  org.grails.web.converters.marshaller.ClosureObjectMarshaller.marshalObject(Ljava/lang/Object;Lorg/grails/web/converters/Converter;)V+112
J 9061 C1 grails.converters.JSON.value(Ljava/lang/Object;)V (264 bytes) @ 0x000000010686bc8c [0x000000010686b4a0+0x7ec]
j  grails.converters.JSON.render(Ljava/io/Writer;)V+10
j  grails.converters.JSON.render(Ljavax/servlet/http/HttpServletResponse;)V+24
j  org.grails.web.converters.Converter$render.call(Ljava/lang/Object;Ljava/lang/Object;)Ljava/lang/Object;+17
j  org.grails.compiler.web.converters.RenderConverterTrait$Trait$Helper.render(Lorg/grails/compiler/web/converters/RenderConverterTrait;Lorg/grails/web/converters/Converter;)V+77
j  org.grails.compiler.web.converters.RenderConverterTrait$Trait$Helper$render.call(Ljava/lang/Object;[Ljava/lang/Object;)Ljava/lang/Object;+21
J 3792 C1 org.codehaus.groovy.runtime.callsite.AbstractCallSite.call(Ljava/lang/Object;[Ljava/lang/Object;)Ljava/lang/Object; (7 bytes) @ 0x0000000106d3966c [0x0000000106d39600+0x6c]
J 7183 C1 org.codehaus.groovy.runtime.callsite.AbstractCallSite.call(Ljava/lang/Object;Ljava/lang/Object;Ljava/lang/Object;)Ljava/lang/Object; (42 bytes) @ 0x000000010733c014 [0x000000010733be20+0x1f4]
j  harvard.MenuController$$EQyG3NoO.render(Lharvard/MenuController;Lorg/grails/web/converters/Converter;)V+13
j  harvard.MenuController$$DQyG3NoO.render(Lharvard/MenuController;Lorg/grails/web/converters/Converter;)V+2
j  harvard.MenuController.render(Lorg/grails/web/converters/Converter;)V+39
v  ~StubRoutines::call_stub
V  [libjvm.dylib+0x2ecf8a]  JavaCalls::call_helper(JavaValue*, methodHandle*, JavaCallArguments*, Thread*)+0x6ae
V  [libjvm.dylib+0x4d1bb4]  Reflection::invoke(instanceKlassHandle, methodHandle, Handle, bool, objArrayHandle, BasicType, objArrayHandle, bool, Thread*)+0xe12
V  [libjvm.dylib+0x4d20e8]  Reflection::invoke_method(oopDesc*, Handle, objArrayHandle, Thread*)+0x16c
V  [libjvm.dylib+0x345394]  JVM_InvokeMethod+0x166
J 2299  sun.reflect.NativeMethodAccessorImpl.invoke0(Ljava/lang/reflect/Method;Ljava/lang/Object;[Ljava/lang/Object;)Ljava/lang/Object; (0 bytes) @ 0x0000000106a15f6d [0x0000000106a15e80+0xed]
J 2298 C1 sun.reflect.NativeMethodAccessorImpl.invoke(Ljava/lang/Object;[Ljava/lang/Object;)Ljava/lang/Object; (104 bytes) @ 0x0000000106a169cc [0x0000000106a16620+0x3ac]
J 793 C1 sun.reflect.DelegatingMethodAccessorImpl.invoke(Ljava/lang/Object;[Ljava/lang/Object;)Ljava/lang/Object; (10 bytes) @ 0x0000000106798ac4 [0x0000000106798a80+0x44]
J 792 C1 java.lang.reflect.Method.invoke(Ljava/lang/Object;[Ljava/lang/Object;)Ljava/lang/Object; (62 bytes) @ 0x00000001067986a4 [0x00000001067985a0+0x104]
J 2146 C1 org.springsource.loaded.ri.ReflectiveInterceptor.jlrMethodInvoke(Ljava/lang/reflect/Method;Ljava/lang/Object;[Ljava/lang/Object;)Ljava/lang/Object; (2214 bytes) @ 0x00000001069c9e24 [0x00000001069c8660+0x17c4]
j  org.codehaus.groovy.runtime.callsite.PogoMetaMethodSite$PogoCachedMethodSite.invoke(Ljava/lang/Object;[Ljava/lang/Object;)Ljava/lang/Object;+19
J 8639 C1 org.codehaus.groovy.runtime.callsite.PogoMetaMethodSite.callCurrent(Lgroovy/lang/GroovyObject;[Ljava/lang/Object;)Ljava/lang/Object; (29 bytes) @ 0x00000001076897c4 [0x0000000107689700+0xc4]
J 7031 C1 org.codehaus.groovy.runtime.callsite.AbstractCallSite.callCurrent(Lgroovy/lang/GroovyObject;[Ljava/lang/Object;)Ljava/lang/Object; (7 bytes) @ 0x00000001072dd17c [0x00000001072dd100+0x7c]
J 7185 C1 org.codehaus.groovy.runtime.callsite.AbstractCallSite.callCurrent(Lgroovy/lang/GroovyObject;Ljava/lang/Object;)Ljava/lang/Object; (37 bytes) @ 0x000000010733c9b4 [0x000000010733c820+0x194]
j  harvard.MenuController$$EQyG3NoO.show(Lharvard/MenuController;Ljava/lang/Long;)Ljava/lang/Object;+121
j  harvard.MenuController$$DQyG3NoO.show(Lharvard/MenuController;Ljava/lang/Long;)Ljava/lang/Object;+2
j  harvard.MenuController.show(Ljava/lang/Long;)Ljava/lang/Object;+38
j  harvard.MenuController$$EQyG3NoO.show(Lharvard/MenuController;)Ljava/lang/Object;+578
v  ~StubRoutines::call_stub
V  [libjvm.dylib+0x2ecf8a]  JavaCalls::call_helper(JavaValue*, methodHandle*, JavaCallArguments*, Thread*)+0x6ae
V  [libjvm.dylib+0x4d1bb4]  Reflection::invoke(instanceKlassHandle, methodHandle, Handle, bool, objArrayHandle, BasicType, objArrayHandle, bool, Thread*)+0xe12
V  [libjvm.dylib+0x4d20e8]  Reflection::invoke_method(oopDesc*, Handle, objArrayHandle, Thread*)+0x16c
V  [libjvm.dylib+0x345394]  JVM_InvokeMethod+0x166
J 2299  sun.reflect.NativeMethodAccessorImpl.invoke0(Ljava/lang/reflect/Method;Ljava/lang/Object;[Ljava/lang/Object;)Ljava/lang/Object; (0 bytes) @ 0x0000000106a15f6d [0x0000000106a15e80+0xed]
J 2298 C1 sun.reflect.NativeMethodAccessorImpl.invoke(Ljava/lang/Object;[Ljava/lang/Object;)Ljava/lang/Object; (104 bytes) @ 0x0000000106a169cc [0x0000000106a16620+0x3ac]
J 793 C1 sun.reflect.DelegatingMethodAccessorImpl.invoke(Ljava/lang/Object;[Ljava/lang/Object;)Ljava/lang/Object; (10 bytes) @ 0x0000000106798ac4 [0x0000000106798a80+0x44]
J 792 C1 java.lang.reflect.Method.invoke(Ljava/lang/Object;[Ljava/lang/Object;)Ljava/lang/Object; (62 bytes) @ 0x00000001067986a4 [0x00000001067985a0+0x104]
j  org.springsource.loaded.ri.ReloadedTypeInvoker$2.invoke(Ljava/lang/Object;[Ljava/lang/Object;)Ljava/lang/Object;+66
J 2146 C1 org.springsource.loaded.ri.ReflectiveInterceptor.jlrMethodInvoke(Ljava/lang/reflect/Method;Ljava/lang/Object;[Ljava/lang/Object;)Ljava/lang/Object; (2214 bytes) @ 0x00000001069c9dd4 [0x00000001069c8660+0x1774]
j  org.grails.core.DefaultGrailsControllerClass$ReflectionInvoker.invoke(Ljava/lang/Object;)Ljava/lang/Object;+9
j  org.grails.core.DefaultGrailsControllerClass.invoke(Ljava/lang/Object;Ljava/lang/String;)Ljava/lang/Object;+57
j  org.grails.web.mapping.mvc.UrlMappingsInfoHandlerAdapter.handle(Ljavax/servlet/http/HttpServletRequest;Ljavax/servlet/http/HttpServletResponse;Ljava/lang/Object;)Lorg/springframework/web/servlet/ModelAndView;+405
j  org.springframework.web.servlet.DispatcherServlet.doDispatch(Ljavax/servlet/http/HttpServletRequest;Ljavax/servlet/http/HttpServletResponse;)V+322
j  org.springframework.web.servlet.DispatcherServlet.doService(Ljavax/servlet/http/HttpServletRequest;Ljavax/servlet/http/HttpServletResponse;)V+307
j  org.springframework.web.servlet.FrameworkServlet.processRequest(Ljavax/servlet/http/HttpServletRequest;Ljavax/servlet/http/HttpServletResponse;)V+71
j  org.springframework.web.servlet.FrameworkServlet.doGet(Ljavax/servlet/http/HttpServletRequest;Ljavax/servlet/http/HttpServletResponse;)V+3
j  javax.servlet.http.HttpServlet.service(Ljavax/servlet/http/HttpServletRequest;Ljavax/servlet/http/HttpServletResponse;)V+35
j  org.springframework.web.servlet.FrameworkServlet.service(Ljavax/servlet/http/HttpServletRequest;Ljavax/servlet/http/HttpServletResponse;)V+33
j  javax.servlet.http.HttpServlet.service(Ljavax/servlet/ServletRequest;Ljavax/servlet/ServletResponse;)V+31
J 10043 C1 org.apache.catalina.core.ApplicationFilterChain.internalDoFilter(Ljavax/servlet/ServletRequest;Ljavax/servlet/ServletResponse;)V (388 bytes) @ 0x0000000107928824 [0x0000000107928600+0x224]
J 9021 C1 org.apache.catalina.core.ApplicationFilterChain.doFilter(Ljavax/servlet/ServletRequest;Ljavax/servlet/ServletResponse;)V (105 bytes) @ 0x000000010772cc74 [0x000000010772cc40+0x34]
j  org.apache.tomcat.websocket.server.WsFilter.doFilter(Ljavax/servlet/ServletRequest;Ljavax/servlet/ServletResponse;Ljavax/servlet/FilterChain;)V+21
J 10043 C1 org.apache.catalina.core.ApplicationFilterChain.internalDoFilter(Ljavax/servlet/ServletRequest;Ljavax/servlet/ServletResponse;)V (388 bytes) @ 0x0000000107928a94 [0x0000000107928600+0x494]
J 9021 C1 org.apache.catalina.core.ApplicationFilterChain.doFilter(Ljavax/servlet/ServletRequest;Ljavax/servlet/ServletResponse;)V (105 bytes) @ 0x000000010772cc74 [0x000000010772cc40+0x34]
j  org.springframework.boot.web.filter.ApplicationContextHeaderFilter.doFilterInternal(Ljavax/servlet/http/HttpServletRequest;Ljavax/servlet/http/HttpServletResponse;Ljavax/servlet/FilterChain;)V+20
...<more frames>...


---------------  P R O C E S S  ---------------

Java Threads: ( => current thread )
  0x00007fdeba54d000 JavaThread "DestroyJavaVM" [_thread_blocked, id=4099, stack(0x0000700000084000,0x0000700000184000)]
  0x00007fdeba54c000 JavaThread "Thread-6" daemon [_thread_blocked, id=29955, stack(0x000070000260c000,0x000070000270c000)]
  0x00007fdebbc4a800 JavaThread "Thread-8" [_thread_blocked, id=29443, stack(0x0000700002509000,0x0000700002609000)]
  0x00007fdebb661000 JavaThread "Thread-7" daemon [_thread_blocked, id=28931, stack(0x0000700002406000,0x0000700002506000)]
  0x00007fdebb65f000 JavaThread "http-nio-8080-AsyncTimeout" daemon [_thread_blocked, id=28419, stack(0x0000700002303000,0x0000700002403000)]
  0x00007fdebb65e800 JavaThread "http-nio-8080-Acceptor-0" daemon [_thread_in_native, id=27907, stack(0x0000700002200000,0x0000700002300000)]
  0x00007fdebb657000 JavaThread "http-nio-8080-ClientPoller-1" daemon [_thread_in_native, id=27395, stack(0x00007000020fd000,0x00007000021fd000)]
  0x00007fdebb656800 JavaThread "http-nio-8080-ClientPoller-0" daemon [_thread_in_native, id=26883, stack(0x0000700001ffa000,0x00007000020fa000)]
  0x00007fdebba72000 JavaThread "http-nio-8080-exec-10" daemon [_thread_blocked, id=26371, stack(0x0000700001ef7000,0x0000700001ff7000)]
  0x00007fdeba4ce000 JavaThread "http-nio-8080-exec-9" daemon [_thread_blocked, id=25859, stack(0x0000700001df4000,0x0000700001ef4000)]
  0x00007fdebb655800 JavaThread "http-nio-8080-exec-8" daemon [_thread_blocked, id=25347, stack(0x0000700001cf1000,0x0000700001df1000)]
  0x00007fdebb655000 JavaThread "http-nio-8080-exec-7" daemon [_thread_blocked, id=24835, stack(0x0000700001bee000,0x0000700001cee000)]
  0x00007fdeba2e1000 JavaThread "http-nio-8080-exec-6" daemon [_thread_in_native, id=24323, stack(0x0000700001aeb000,0x0000700001beb000)]
=>0x00007fdeba3d2000 JavaThread "http-nio-8080-exec-5" daemon [_thread_in_Java, id=23811, stack(0x00007000019e8000,0x0000700001ae8000)]
  0x00007fdebb625000 JavaThread "http-nio-8080-exec-4" daemon [_thread_blocked, id=23299, stack(0x00007000018e5000,0x00007000019e5000)]
  0x00007fdebbb6e800 JavaThread "http-nio-8080-exec-3" daemon [_thread_blocked, id=22787, stack(0x00007000017e2000,0x00007000018e2000)]
  0x00007fdebb624800 JavaThread "http-nio-8080-exec-2" daemon [_thread_blocked, id=22275, stack(0x00007000016df000,0x00007000017df000)]
  0x00007fdebb1d2000 JavaThread "http-nio-8080-exec-1" daemon [_thread_blocked, id=21003, stack(0x00007000013d6000,0x00007000014d6000)]
  0x00007fdeba530000 JavaThread "NioBlockingSelector.BlockPoller-1" daemon [_thread_in_native, id=21771, stack(0x00007000012d3000,0x00007000013d3000)]
  0x00007fdebbbea000 JavaThread "container-0" [_thread_blocked, id=21255, stack(0x00007000015dc000,0x00007000016dc000)]
  0x00007fdebab8f000 JavaThread "ContainerBackgroundProcessor[StandardEngine[Tomcat]]" daemon [_thread_blocked, id=20487, stack(0x00007000014d9000,0x00007000015d9000)]
  0x00007fdebb952000 JavaThread "Abandoned connection cleanup thread" daemon [_thread_blocked, id=13579, stack(0x00007000011d0000,0x00007000012d0000)]
  0x00007fdebbaa1000 JavaThread "Tomcat JDBC Pool Cleaner[414493378:1531944408787]" daemon [_thread_blocked, id=5643, stack(0x0000700000932000,0x0000700000a32000)]
  0x00007fdebb94c800 JavaThread "FileSystemWatcher: files=#58 cl=sun.misc.Launcher$AppClassLoader@18b4aac2" daemon [_thread_blocked, id=19971, stack(0x00007000010cd000,0x00007000011cd000)]
  0x00007fdeba8d7000 JavaThread "Service Thread" daemon [_thread_blocked, id=18947, stack(0x0000700000ec7000,0x0000700000fc7000)]
  0x00007fdebb035800 JavaThread "C1 CompilerThread2" daemon [_thread_blocked, id=18435, stack(0x0000700000dc4000,0x0000700000ec4000)]
  0x00007fdeba101800 JavaThread "C2 CompilerThread1" daemon [_thread_blocked, id=17923, stack(0x0000700000cc1000,0x0000700000dc1000)]
  0x00007fdebb923000 JavaThread "C2 CompilerThread0" daemon [_thread_blocked, id=17411, stack(0x0000700000bbe000,0x0000700000cbe000)]
  0x00007fdebb02b800 JavaThread "Signal Dispatcher" daemon [_thread_blocked, id=16663, stack(0x0000700000abb000,0x0000700000bbb000)]
  0x00007fdebb027800 JavaThread "Finalizer" daemon [_thread_blocked, id=12291, stack(0x000070000082f000,0x000070000092f000)]
  0x00007fdebb802800 JavaThread "Reference Handler" daemon [_thread_blocked, id=11779, stack(0x000070000072c000,0x000070000082c000)]

Other Threads:
  0x00007fdeba808000 VMThread [stack: 0x0000700000629000,0x0000700000729000] [id=11267]
  0x00007fdeba10b000 WatcherThread [stack: 0x0000700000fca000,0x00007000010ca000] [id=19459]

VM state:not at safepoint (normal execution)

VM Mutex/Monitor currently owned by a thread: None

Heap:
 PSYoungGen      total 207360K, used 158748K [0x00000007b0000000, 0x00000007c0000000, 0x00000007c0000000)
  eden space 161792K, 69% used [0x00000007b0000000,0x00000007b6e8d160,0x00000007b9e00000)
  from space 45568K, 99% used [0x00000007ba000000,0x00000007bcc7a228,0x00000007bcc80000)
  to   space 52736K, 0% used [0x00000007bcc80000,0x00000007bcc80000,0x00000007c0000000)
 ParOldGen       total 524288K, used 92495K [0x0000000790000000, 0x00000007b0000000, 0x00000007b0000000)
  object space 524288K, 17% used [0x0000000790000000,0x0000000795a53e50,0x00000007b0000000)
 Metaspace       used 83059K, capacity 85824K, committed 86016K, reserved 1124352K
  class space    used 9928K, capacity 10711K, committed 10752K, reserved 1048576K

Card table byte_map: [0x00000001157c0000,0x0000000115941000] byte_map_base: 0x0000000111b40000

Marking Bits: (ParMarkBitMap*) 0x000000010546cd20
 Begin Bits: [0x0000000115a41000, 0x0000000116641000)
 End Bits:   [0x0000000116641000, 0x0000000117241000)

Polling page: 0x0000000105b65000

CodeCache: size=245760Kb used=21661Kb max_used=21661Kb free=224098Kb
 bounds [0x0000000106400000, 0x0000000107930000, 0x0000000115400000]
 total_blobs=10593 nmethods=9776 adapters=728
 compilation: enabled

Compilation events (10 events):
Event: 7703.968 Thread 0x00007fdebb035800 10045       1       org.springframework.web.util.UrlPathHelper::getContextPath (42 bytes)
Event: 7703.968 Thread 0x00007fdebb035800 nmethod 10045 0x000000010792bdd0 code [0x000000010792bf60, 0x000000010792c1b8]
Event: 7703.968 Thread 0x00007fdebb035800 10046       1       org.springframework.web.util.UrlPathHelper::getRequestUri (30 bytes)
Event: 7703.969 Thread 0x00007fdebb035800 nmethod 10046 0x000000010792c2d0 code [0x000000010792c480, 0x000000010792c6f8]
Event: 7703.973 Thread 0x00007fdebb035800 10048       1       sun.reflect.AccessorGenerator::canWidenTo (272 bytes)
Event: 7703.973 Thread 0x00007fdebb035800 nmethod 10048 0x000000010792c8d0 code [0x000000010792ca80, 0x000000010792cf08]
Event: 7703.978 Thread 0x00007fdebb035800 10049       1       org.codehaus.groovy.runtime.MetaClassHelper::calculateParameterDistance (236 bytes)
Event: 7703.979 Thread 0x00007fdebb035800 nmethod 10049 0x000000010792cfd0 code [0x000000010792d1c0, 0x000000010792d7c8]
Event: 7703.979 Thread 0x00007fdebb035800 10050  s    1       java.util.Vector::indexOf (67 bytes)
Event: 7703.980 Thread 0x00007fdebb035800 nmethod 10050 0x000000010792de50 code [0x000000010792dfe0, 0x000000010792e408]

GC Heap History (10 events):
Event: 1677.750 GC heap before
{Heap before GC invocations=32 (full 3):
 PSYoungGen      total 216576K, used 216573K [0x00000007b0000000, 0x00000007c0000000, 0x00000007c0000000)
  eden space 181248K, 100% used [0x00000007b0000000,0x00000007bb100000,0x00000007bb100000)
  from space 35328K, 99% used [0x00000007bdd80000,0x00000007bffff7a0,0x00000007c0000000)
  to   space 40448K, 0% used [0x00000007bb100000,0x00000007bb100000,0x00000007bd880000)
 ParOldGen       total 524288K, used 84955K [0x0000000790000000, 0x00000007b0000000, 0x00000007b0000000)
  object space 524288K, 16% used [0x0000000790000000,0x00000007952f6f60,0x00000007b0000000)
 Metaspace       used 73251K, capacity 75406K, committed 75520K, reserved 1114112K
  class space    used 9274K, capacity 9912K, committed 9984K, reserved 1048576K
Event: 1677.949 GC heap after
Heap after GC invocations=32 (full 3):
 PSYoungGen      total 207872K, used 26401K [0x00000007b0000000, 0x00000007c0000000, 0x00000007c0000000)
  eden space 181248K, 0% used [0x00000007b0000000,0x00000007b0000000,0x00000007bb100000)
  from space 26624K, 99% used [0x00000007bb100000,0x00000007bcac8568,0x00000007bcb00000)
  to   space 40960K, 0% used [0x00000007bd800000,0x00000007bd800000,0x00000007c0000000)
 ParOldGen       total 524288K, used 92463K [0x0000000790000000, 0x00000007b0000000, 0x00000007b0000000)
  object space 524288K, 17% used [0x0000000790000000,0x0000000795a4be50,0x00000007b0000000)
 Metaspace       used 73251K, capacity 75406K, committed 75520K, reserved 1114112K
  class space    used 9274K, capacity 9912K, committed 9984K, reserved 1048576K
}
Event: 7294.222 GC heap before
{Heap before GC invocations=33 (full 3):
 PSYoungGen      total 207872K, used 207649K [0x00000007b0000000, 0x00000007c0000000, 0x00000007c0000000)
  eden space 181248K, 100% used [0x00000007b0000000,0x00000007bb100000,0x00000007bb100000)
  from space 26624K, 99% used [0x00000007bb100000,0x00000007bcac8568,0x00000007bcb00000)
  to   space 40960K, 0% used [0x00000007bd800000,0x00000007bd800000,0x00000007c0000000)
 ParOldGen       total 524288K, used 92463K [0x0000000790000000, 0x00000007b0000000, 0x00000007b0000000)
  object space 524288K, 17% used [0x0000000790000000,0x0000000795a4be50,0x00000007b0000000)
 Metaspace       used 73440K, capacity 75594K, committed 75776K, reserved 1116160K
  class space    used 9303K, capacity 9922K, committed 9984K, reserved 1048576K
Event: 7294.375 GC heap after
Heap after GC invocations=33 (full 3):
 PSYoungGen      total 219136K, used 27308K [0x00000007b0000000, 0x00000007c0000000, 0x00000007c0000000)
  eden space 178176K, 0% used [0x00000007b0000000,0x00000007b0000000,0x00000007bae00000)
  from space 40960K, 66% used [0x00000007bd800000,0x00000007bf2ab1e0,0x00000007c0000000)
  to   space 41984K, 0% used [0x00000007bae00000,0x00000007bae00000,0x00000007bd700000)
 ParOldGen       total 524288K, used 92471K [0x0000000790000000, 0x00000007b0000000, 0x00000007b0000000)
  object space 524288K, 17% used [0x0000000790000000,0x0000000795a4de50,0x00000007b0000000)
 Metaspace       used 73440K, capacity 75594K, committed 75776K, reserved 1116160K
  class space    used 9303K, capacity 9922K, committed 9984K, reserved 1048576K
}
Event: 7323.987 GC heap before
{Heap before GC invocations=34 (full 3):
 PSYoungGen      total 219136K, used 205484K [0x00000007b0000000, 0x00000007c0000000, 0x00000007c0000000)
  eden space 178176K, 100% used [0x00000007b0000000,0x00000007bae00000,0x00000007bae00000)
  from space 40960K, 66% used [0x00000007bd800000,0x00000007bf2ab1e0,0x00000007c0000000)
  to   space 41984K, 0% used [0x00000007bae00000,0x00000007bae00000,0x00000007bd700000)
 ParOldGen       total 524288K, used 92471K [0x0000000790000000, 0x00000007b0000000, 0x00000007b0000000)
  object space 524288K, 17% used [0x0000000790000000,0x0000000795a4de50,0x00000007b0000000)
 Metaspace       used 74428K, capacity 76944K, committed 77056K, reserved 1116160K
  class space    used 9469K, capacity 10191K, committed 10240K, reserved 1048576K
Event: 7324.045 GC heap after
Heap after GC invocations=34 (full 3):
 PSYoungGen      total 212992K, used 36635K [0x00000007b0000000, 0x00000007c0000000, 0x00000007c0000000)
  eden space 176128K, 0% used [0x00000007b0000000,0x00000007b0000000,0x00000007bac00000)
  from space 36864K, 99% used [0x00000007bae00000,0x00000007bd1c6d68,0x00000007bd200000)
  to   space 45568K, 0% used [0x00000007bd380000,0x00000007bd380000,0x00000007c0000000)
 ParOldGen       total 524288K, used 92479K [0x0000000790000000, 0x00000007b0000000, 0x00000007b0000000)
  object space 524288K, 17% used [0x0000000790000000,0x0000000795a4fe50,0x00000007b0000000)
 Metaspace       used 74428K, capacity 76944K, committed 77056K, reserved 1116160K
  class space    used 9469K, capacity 10191K, committed 10240K, reserved 1048576K
}
Event: 7483.643 GC heap before
{Heap before GC invocations=35 (full 3):
 PSYoungGen      total 212992K, used 212763K [0x00000007b0000000, 0x00000007c0000000, 0x00000007c0000000)
  eden space 176128K, 100% used [0x00000007b0000000,0x00000007bac00000,0x00000007bac00000)
  from space 36864K, 99% used [0x00000007bae00000,0x00000007bd1c6d68,0x00000007bd200000)
  to   space 45568K, 0% used [0x00000007bd380000,0x00000007bd380000,0x00000007c0000000)
 ParOldGen       total 524288K, used 92479K [0x0000000790000000, 0x00000007b0000000, 0x00000007b0000000)
  object space 524288K, 17% used [0x0000000790000000,0x0000000795a4fe50,0x00000007b0000000)
 Metaspace       used 75052K, capacity 77682K, committed 77824K, reserved 1116160K
  class space    used 9516K, capacity 10240K, committed 10240K, reserved 1048576K
Event: 7483.692 GC heap after
Heap after GC invocations=35 (full 3):
 PSYoungGen      total 209408K, used 37896K [0x00000007b0000000, 0x00000007c0000000, 0x00000007c0000000)
  eden space 163840K, 0% used [0x00000007b0000000,0x00000007b0000000,0x00000007ba000000)
  from space 45568K, 83% used [0x00000007bd380000,0x00000007bf8820b8,0x00000007c0000000)
  to   space 49152K, 0% used [0x00000007ba000000,0x00000007ba000000,0x00000007bd000000)
 ParOldGen       total 524288K, used 92487K [0x0000000790000000, 0x00000007b0000000, 0x00000007b0000000)
  object space 524288K, 17% used [0x0000000790000000,0x0000000795a51e50,0x00000007b0000000)
 Metaspace       used 75052K, capacity 77682K, committed 77824K, reserved 1116160K
  class space    used 9516K, capacity 10240K, committed 10240K, reserved 1048576K
}
Event: 7543.137 GC heap before
{Heap before GC invocations=36 (full 3):
 PSYoungGen      total 209408K, used 201736K [0x00000007b0000000, 0x00000007c0000000, 0x00000007c0000000)
  eden space 163840K, 100% used [0x00000007b0000000,0x00000007ba000000,0x00000007ba000000)
  from space 45568K, 83% used [0x00000007bd380000,0x00000007bf8820b8,0x00000007c0000000)
  to   space 49152K, 0% used [0x00000007ba000000,0x00000007ba000000,0x00000007bd000000)
 ParOldGen       total 524288K, used 92487K [0x0000000790000000, 0x00000007b0000000, 0x00000007b0000000)
  object space 524288K, 17% used [0x0000000790000000,0x0000000795a51e50,0x00000007b0000000)
 Metaspace       used 79291K, capacity 81970K, committed 82176K, reserved 1120256K
  class space    used 9730K, capacity 10484K, committed 10496K, reserved 1048576K
Event: 7543.424 GC heap after
Heap after GC invocations=36 (full 3):
 PSYoungGen      total 207360K, used 45544K [0x00000007b0000000, 0x00000007c0000000, 0x00000007c0000000)
  eden space 161792K, 0% used [0x00000007b0000000,0x00000007b0000000,0x00000007b9e00000)
  from space 45568K, 99% used [0x00000007ba000000,0x00000007bcc7a228,0x00000007bcc80000)
  to   space 52736K, 0% used [0x00000007bcc80000,0x00000007bcc80000,0x00000007c0000000)
 ParOldGen       total 524288K, used 92495K [0x0000000790000000, 0x00000007b0000000, 0x00000007b0000000)
  object space 524288K, 17% used [0x0000000790000000,0x0000000795a53e50,0x00000007b0000000)
 Metaspace       used 79291K, capacity 81970K, committed 82176K, reserved 1120256K
  class space    used 9730K, capacity 10484K, committed 10496K, reserved 1048576K
}

Deoptimization events (0 events):
No events

Internal exceptions (10 events):
Event: 7703.994 Thread 0x00007fdeba3d2000 Exception <a 'java/lang/ArrayIndexOutOfBoundsException'> (0x00000007b6a0a748) thrown at [/Users/java_re/workspace/8-2-build-macosx-x86_64/jdk8u111/7883/hotspot/src/share/vm/runtime/sharedRuntime.cpp, line 605]
Event: 7703.994 Thread 0x00007fdeba3d2000 Exception <a 'java/lang/ArrayIndexOutOfBoundsException'> (0x00000007b6a0d9b0) thrown at [/Users/java_re/workspace/8-2-build-macosx-x86_64/jdk8u111/7883/hotspot/src/share/vm/runtime/sharedRuntime.cpp, line 605]
Event: 7703.994 Thread 0x00007fdeba3d2000 Exception <a 'java/lang/ArrayIndexOutOfBoundsException'> (0x00000007b6a10238) thrown at [/Users/java_re/workspace/8-2-build-macosx-x86_64/jdk8u111/7883/hotspot/src/share/vm/runtime/sharedRuntime.cpp, line 605]
Event: 7703.996 Thread 0x00007fdeba3d2000 Exception <a 'java/lang/ArrayIndexOutOfBoundsException'> (0x00000007b6a17170) thrown at [/Users/java_re/workspace/8-2-build-macosx-x86_64/jdk8u111/7883/hotspot/src/share/vm/runtime/sharedRuntime.cpp, line 605]
Event: 7703.996 Thread 0x00007fdeba3d2000 Exception <a 'java/lang/ArrayIndexOutOfBoundsException'> (0x00000007b6a1a408) thrown at [/Users/java_re/workspace/8-2-build-macosx-x86_64/jdk8u111/7883/hotspot/src/share/vm/runtime/sharedRuntime.cpp, line 605]
Event: 7703.997 Thread 0x00007fdeba3d2000 Exception <a 'java/lang/ArrayIndexOutOfBoundsException'> (0x00000007b6a1d8c8) thrown at [/Users/java_re/workspace/8-2-build-macosx-x86_64/jdk8u111/7883/hotspot/src/share/vm/runtime/sharedRuntime.cpp, line 605]
Event: 7703.997 Thread 0x00007fdeba3d2000 Exception <a 'java/lang/ArrayIndexOutOfBoundsException'> (0x00000007b6a21cf8) thrown at [/Users/java_re/workspace/8-2-build-macosx-x86_64/jdk8u111/7883/hotspot/src/share/vm/runtime/sharedRuntime.cpp, line 605]
Event: 7703.997 Thread 0x00007fdeba3d2000 Exception <a 'java/lang/ArrayIndexOutOfBoundsException'> (0x00000007b6a27b50) thrown at [/Users/java_re/workspace/8-2-build-macosx-x86_64/jdk8u111/7883/hotspot/src/share/vm/runtime/sharedRuntime.cpp, line 605]
Event: 7703.998 Thread 0x00007fdeba3d2000 Exception <a 'java/lang/ArrayIndexOutOfBoundsException'> (0x00000007b6a2ac28) thrown at [/Users/java_re/workspace/8-2-build-macosx-x86_64/jdk8u111/7883/hotspot/src/share/vm/runtime/sharedRuntime.cpp, line 605]
Event: 7703.998 Thread 0x00007fdeba3d2000 Exception <a 'java/lang/ArrayIndexOutOfBoundsException'> (0x00000007b6a2cca8) thrown at [/Users/java_re/workspace/8-2-build-macosx-x86_64/jdk8u111/7883/hotspot/src/share/vm/runtime/sharedRuntime.cpp, line 605]

Events (10 events):
Event: 7703.984 loading class harvard/MealBeanInfo
Event: 7703.984 loading class harvard/MealBeanInfo done
Event: 7703.985 loading class harvard/MealBeanInfo
Event: 7703.985 loading class harvard/MealBeanInfo done
Event: 7703.985 loading class harvard/MealCustomizer
Event: 7703.985 loading class harvard/MealCustomizer done
Event: 7703.985 loading class harvard/MealCustomizer
Event: 7703.985 loading class harvard/MealCustomizer done
Event: 7703.986 loading class harvard/MealCustomizer
Event: 7703.986 loading class harvard/MealCustomizer done


Dynamic libraries:
0x000000000140b000 	/System/Library/Frameworks/Cocoa.framework/Versions/A/Cocoa
0x000000000140b000 	/System/Library/Frameworks/Security.framework/Versions/A/Security
0x000000000140b000 	/System/Library/Frameworks/ApplicationServices.framework/Versions/A/ApplicationServices
0x000000000140b000 	/usr/lib/libz.1.dylib
0x000000000140b000 	/usr/lib/libSystem.B.dylib
0x000000000140b000 	/usr/lib/libobjc.A.dylib
0x000000000140b000 	/System/Library/Frameworks/CoreFoundation.framework/Versions/A/CoreFoundation
0x000000000140b000 	/System/Library/Frameworks/Foundation.framework/Versions/C/Foundation
0x000000000140b000 	/System/Library/Frameworks/AppKit.framework/Versions/C/AppKit
0x000000000140b000 	/System/Library/Frameworks/CoreData.framework/Versions/A/CoreData
0x000000000140b000 	/System/Library/PrivateFrameworks/RemoteViewServices.framework/Versions/A/RemoteViewServices
0x000000000140b000 	/System/Library/PrivateFrameworks/UIFoundation.framework/Versions/A/UIFoundation
0x000000000140b000 	/usr/lib/libScreenReader.dylib
0x000000000140b000 	/System/Library/Frameworks/Accelerate.framework/Versions/A/Accelerate
0x000000000140b000 	/System/Library/Frameworks/IOSurface.framework/Versions/A/IOSurface
0x000000000140b000 	/System/Library/Frameworks/AudioToolbox.framework/Versions/A/AudioToolbox
0x000000000140b000 	/System/Library/Frameworks/AudioUnit.framework/Versions/A/AudioUnit
0x000000000140b000 	/System/Library/PrivateFrameworks/DataDetectorsCore.framework/Versions/A/DataDetectorsCore
0x000000000140b000 	/System/Library/PrivateFrameworks/DesktopServicesPriv.framework/Versions/A/DesktopServicesPriv
0x000000000140b000 	/System/Library/Frameworks/Carbon.framework/Versions/A/Frameworks/HIToolbox.framework/Versions/A/HIToolbox
0x000000000140b000 	/System/Library/Frameworks/QuartzCore.framework/Versions/A/QuartzCore
0x000000000140b000 	/System/Library/Frameworks/Carbon.framework/Versions/A/Frameworks/SpeechRecognition.framework/Versions/A/SpeechRecognition
0x000000000140b000 	/usr/lib/libauto.dylib
0x000000000140b000 	/usr/lib/libicucore.A.dylib
0x000000000140b000 	/usr/lib/libxml2.2.dylib
0x000000000140b000 	/System/Library/PrivateFrameworks/CoreUI.framework/Versions/A/CoreUI
0x000000000140b000 	/System/Library/Frameworks/CoreAudio.framework/Versions/A/CoreAudio
0x000000000140b000 	/System/Library/Frameworks/DiskArbitration.framework/Versions/A/DiskArbitration
0x000000000140b000 	/usr/lib/liblangid.dylib
0x000000000140b000 	/System/Library/PrivateFrameworks/MultitouchSupport.framework/Versions/A/MultitouchSupport
0x000000000140b000 	/System/Library/Frameworks/IOKit.framework/Versions/A/IOKit
0x000000000140b000 	/usr/lib/libDiagnosticMessagesClient.dylib
0x000000000140b000 	/System/Library/Frameworks/CoreServices.framework/Versions/A/CoreServices
0x000000000140b000 	/System/Library/PrivateFrameworks/PerformanceAnalysis.framework/Versions/A/PerformanceAnalysis
0x000000000140b000 	/System/Library/PrivateFrameworks/GenerationalStorage.framework/Versions/A/GenerationalStorage
0x000000000140b000 	/System/Library/Frameworks/OpenGL.framework/Versions/A/OpenGL
0x000000000140b000 	/System/Library/PrivateFrameworks/Sharing.framework/Versions/A/Sharing
0x000000000140b000 	/System/Library/Frameworks/CoreGraphics.framework/Versions/A/CoreGraphics
0x000000000140b000 	/System/Library/Frameworks/CoreImage.framework/Versions/A/CoreImage
0x000000000140b000 	/System/Library/Frameworks/CoreText.framework/Versions/A/CoreText
0x000000000140b000 	/System/Library/Frameworks/ImageIO.framework/Versions/A/ImageIO
0x000000000140b000 	/System/Library/PrivateFrameworks/Backup.framework/Versions/A/Backup
0x000000000140b000 	/usr/lib/libextension.dylib
0x000000000140b000 	/usr/lib/libarchive.2.dylib
0x000000000140b000 	/System/Library/Frameworks/CFNetwork.framework/Versions/A/CFNetwork
0x000000000140b000 	/System/Library/Frameworks/SystemConfiguration.framework/Versions/A/SystemConfiguration
0x000000000140b000 	/usr/lib/libCRFSuite.dylib
0x000000000140b000 	/usr/lib/libc++.1.dylib
0x000000000140b000 	/usr/lib/libc++abi.dylib
0x000000000140b000 	/usr/lib/system/libcache.dylib
0x000000000140b000 	/usr/lib/system/libcommonCrypto.dylib
0x000000000140b000 	/usr/lib/system/libcompiler_rt.dylib
0x000000000140b000 	/usr/lib/system/libcopyfile.dylib
0x000000000140b000 	/usr/lib/system/libcorecrypto.dylib
0x000000000140b000 	/usr/lib/system/libdispatch.dylib
0x000000000140b000 	/usr/lib/system/libdyld.dylib
0x000000000140b000 	/usr/lib/system/libkeymgr.dylib
0x000000000140b000 	/usr/lib/system/liblaunch.dylib
0x000000000140b000 	/usr/lib/system/libmacho.dylib
0x000000000140b000 	/usr/lib/system/libquarantine.dylib
0x000000000140b000 	/usr/lib/system/libremovefile.dylib
0x000000000140b000 	/usr/lib/system/libsystem_asl.dylib
0x000000000140b000 	/usr/lib/system/libsystem_blocks.dylib
0x000000000140b000 	/usr/lib/system/libsystem_c.dylib
0x000000000140b000 	/usr/lib/system/libsystem_configuration.dylib
0x000000000140b000 	/usr/lib/system/libsystem_coreservices.dylib
0x000000000140b000 	/usr/lib/system/libsystem_coretls.dylib
0x000000000140b000 	/usr/lib/system/libsystem_dnssd.dylib
0x000000000140b000 	/usr/lib/system/libsystem_info.dylib
0x000000000140b000 	/usr/lib/system/libsystem_kernel.dylib
0x000000000140b000 	/usr/lib/system/libsystem_m.dylib
0x000000000140b000 	/usr/lib/system/libsystem_malloc.dylib
0x000000000140b000 	/usr/lib/system/libsystem_network.dylib
0x000000000140b000 	/usr/lib/system/libsystem_networkextension.dylib
0x000000000140b000 	/usr/lib/system/libsystem_notify.dylib
0x000000000140b000 	/usr/lib/system/libsystem_platform.dylib
0x000000000140b000 	/usr/lib/system/libsystem_pthread.dylib
0x000000000140b000 	/usr/lib/system/libsystem_sandbox.dylib
0x000000000140b000 	/usr/lib/system/libsystem_secinit.dylib
0x000000000140b000 	/usr/lib/system/libsystem_trace.dylib
0x000000000140b000 	/usr/lib/system/libunc.dylib
0x000000000140b000 	/usr/lib/system/libunwind.dylib
0x000000000140b000 	/usr/lib/system/libxpc.dylib
0x000000000140b000 	/usr/lib/libenergytrace.dylib
0x000000000140b000 	/usr/lib/libbsm.0.dylib
0x000000000140b000 	/usr/lib/system/libkxld.dylib
0x000000000140b000 	/usr/lib/libxar.1.dylib
0x000000000140b000 	/usr/lib/libsqlite3.dylib
0x000000000140b000 	/usr/lib/libpam.2.dylib
0x000000000140b000 	/usr/lib/libOpenScriptingUtil.dylib
0x000000000140b000 	/usr/lib/libbz2.1.0.dylib
0x000000000140b000 	/usr/lib/liblzma.5.dylib
0x000000000140b000 	/System/Library/Frameworks/CoreServices.framework/Versions/A/Frameworks/FSEvents.framework/Versions/A/FSEvents
0x000000000140b000 	/System/Library/Frameworks/CoreServices.framework/Versions/A/Frameworks/CarbonCore.framework/Versions/A/CarbonCore
0x000000000140b000 	/System/Library/Frameworks/CoreServices.framework/Versions/A/Frameworks/Metadata.framework/Versions/A/Metadata
0x000000000140b000 	/System/Library/Frameworks/CoreServices.framework/Versions/A/Frameworks/OSServices.framework/Versions/A/OSServices
0x000000000140b000 	/System/Library/Frameworks/CoreServices.framework/Versions/A/Frameworks/SearchKit.framework/Versions/A/SearchKit
0x000000000140b000 	/System/Library/Frameworks/CoreServices.framework/Versions/A/Frameworks/AE.framework/Versions/A/AE
0x000000000140b000 	/System/Library/Frameworks/CoreServices.framework/Versions/A/Frameworks/LaunchServices.framework/Versions/A/LaunchServices
0x000000000140b000 	/System/Library/Frameworks/CoreServices.framework/Versions/A/Frameworks/DictionaryServices.framework/Versions/A/DictionaryServices
0x000000000140b000 	/System/Library/Frameworks/CoreServices.framework/Versions/A/Frameworks/SharedFileList.framework/Versions/A/SharedFileList
0x000000000140b000 	/System/Library/Frameworks/NetFS.framework/Versions/A/NetFS
0x000000000140b000 	/System/Library/PrivateFrameworks/NetAuth.framework/Versions/A/NetAuth
0x000000000140b000 	/System/Library/PrivateFrameworks/login.framework/Versions/A/Frameworks/loginsupport.framework/Versions/A/loginsupport
0x000000000140b000 	/System/Library/PrivateFrameworks/TCC.framework/Versions/A/TCC
0x000000000140b000 	/usr/lib/libmecabra.dylib
0x000000000140b000 	/System/Library/Frameworks/ApplicationServices.framework/Versions/A/Frameworks/ATS.framework/Versions/A/ATS
0x000000000140b000 	/System/Library/Frameworks/ApplicationServices.framework/Versions/A/Frameworks/ColorSync.framework/Versions/A/ColorSync
0x000000000140b000 	/System/Library/Frameworks/ApplicationServices.framework/Versions/A/Frameworks/HIServices.framework/Versions/A/HIServices
0x000000000140b000 	/System/Library/Frameworks/ApplicationServices.framework/Versions/A/Frameworks/LangAnalysis.framework/Versions/A/LangAnalysis
0x000000000140b000 	/System/Library/Frameworks/ApplicationServices.framework/Versions/A/Frameworks/PrintCore.framework/Versions/A/PrintCore
0x000000000140b000 	/System/Library/Frameworks/ApplicationServices.framework/Versions/A/Frameworks/QD.framework/Versions/A/QD
0x000000000140b000 	/System/Library/Frameworks/ApplicationServices.framework/Versions/A/Frameworks/SpeechSynthesis.framework/Versions/A/SpeechSynthesis
0x000000000140b000 	/System/Library/Frameworks/Metal.framework/Versions/A/Metal
0x000000000140b000 	/System/Library/Frameworks/Accelerate.framework/Versions/A/Frameworks/vImage.framework/Versions/A/vImage
0x000000000140b000 	/System/Library/Frameworks/Accelerate.framework/Versions/A/Frameworks/vecLib.framework/Versions/A/vecLib
0x000000000140b000 	/System/Library/Frameworks/Accelerate.framework/Versions/A/Frameworks/vecLib.framework/Versions/A/libvDSP.dylib
0x000000000140b000 	/System/Library/Frameworks/Accelerate.framework/Versions/A/Frameworks/vecLib.framework/Versions/A/libvMisc.dylib
0x000000000140b000 	/System/Library/Frameworks/Accelerate.framework/Versions/A/Frameworks/vecLib.framework/Versions/A/libLAPACK.dylib
0x000000000140b000 	/System/Library/Frameworks/Accelerate.framework/Versions/A/Frameworks/vecLib.framework/Versions/A/libBLAS.dylib
0x000000000140b000 	/System/Library/Frameworks/Accelerate.framework/Versions/A/Frameworks/vecLib.framework/Versions/A/libLinearAlgebra.dylib
0x000000000140b000 	/System/Library/Frameworks/Accelerate.framework/Versions/A/Frameworks/vecLib.framework/Versions/A/libSparseBLAS.dylib
0x000000000140b000 	/System/Library/PrivateFrameworks/GPUCompiler.framework/libmetal_timestamp.dylib
0x000000000140b000 	/System/Library/Frameworks/OpenGL.framework/Versions/A/Libraries/libCoreFSCache.dylib
0x000000000140b000 	/System/Library/PrivateFrameworks/IOAccelerator.framework/Versions/A/IOAccelerator
0x000000000140b000 	/System/Library/Frameworks/ApplicationServices.framework/Versions/A/Frameworks/ATS.framework/Versions/A/Resources/libFontParser.dylib
0x000000000140b000 	/System/Library/Frameworks/ApplicationServices.framework/Versions/A/Frameworks/ATS.framework/Versions/A/Resources/libFontRegistry.dylib
0x000000000140b000 	/System/Library/PrivateFrameworks/AppleVPA.framework/Versions/A/AppleVPA
0x000000000140b000 	/System/Library/PrivateFrameworks/AppleJPEG.framework/Versions/A/AppleJPEG
0x000000000140b000 	/System/Library/Frameworks/ImageIO.framework/Versions/A/Resources/libJPEG.dylib
0x000000000140b000 	/System/Library/Frameworks/ImageIO.framework/Versions/A/Resources/libTIFF.dylib
0x000000000140b000 	/System/Library/Frameworks/ImageIO.framework/Versions/A/Resources/libPng.dylib
0x000000000140b000 	/System/Library/Frameworks/ImageIO.framework/Versions/A/Resources/libGIF.dylib
0x000000000140b000 	/System/Library/Frameworks/ImageIO.framework/Versions/A/Resources/libJP2.dylib
0x000000000140b000 	/System/Library/Frameworks/ImageIO.framework/Versions/A/Resources/libRadiance.dylib
0x000000000140b000 	/System/Library/Frameworks/CoreVideo.framework/Versions/A/CoreVideo
0x000000000140b000 	/System/Library/Frameworks/OpenGL.framework/Versions/A/Libraries/libGLU.dylib
0x000000000140b000 	/System/Library/Frameworks/OpenGL.framework/Versions/A/Libraries/libGFXShared.dylib
0x000000000140b000 	/System/Library/Frameworks/OpenGL.framework/Versions/A/Libraries/libGL.dylib
0x000000000140b000 	/System/Library/Frameworks/OpenGL.framework/Versions/A/Libraries/libGLImage.dylib
0x000000000140b000 	/System/Library/Frameworks/OpenGL.framework/Versions/A/Libraries/libCVMSPluginSupport.dylib
0x000000000140b000 	/System/Library/Frameworks/OpenGL.framework/Versions/A/Libraries/libCoreVMClient.dylib
0x000000000140b000 	/usr/lib/libcompression.dylib
0x000000000140b000 	/usr/lib/libcups.2.dylib
0x000000000140b000 	/System/Library/Frameworks/Kerberos.framework/Versions/A/Kerberos
0x000000000140b000 	/System/Library/Frameworks/GSS.framework/Versions/A/GSS
0x000000000140b000 	/usr/lib/libresolv.9.dylib
0x000000000140b000 	/usr/lib/libiconv.2.dylib
0x000000000140b000 	/System/Library/PrivateFrameworks/Heimdal.framework/Versions/A/Heimdal
0x000000000140b000 	/usr/lib/libheimdal-asn1.dylib
0x000000000140b000 	/System/Library/Frameworks/OpenDirectory.framework/Versions/A/OpenDirectory
0x000000000140b000 	/System/Library/PrivateFrameworks/CommonAuth.framework/Versions/A/CommonAuth
0x000000000140b000 	/System/Library/Frameworks/OpenDirectory.framework/Versions/A/Frameworks/CFOpenDirectory.framework/Versions/A/CFOpenDirectory
0x000000000140b000 	/System/Library/Frameworks/SecurityFoundation.framework/Versions/A/SecurityFoundation
0x000000000140b000 	/System/Library/PrivateFrameworks/LanguageModeling.framework/Versions/A/LanguageModeling
0x000000000140b000 	/usr/lib/libmarisa.dylib
0x000000000140b000 	/usr/lib/libChineseTokenizer.dylib
0x000000000140b000 	/usr/lib/libcmph.dylib
0x000000000140b000 	/System/Library/Frameworks/ServiceManagement.framework/Versions/A/ServiceManagement
0x000000000140b000 	/usr/lib/libxslt.1.dylib
0x000000000140b000 	/System/Library/Frameworks/Carbon.framework/Versions/A/Frameworks/Ink.framework/Versions/A/Ink
0x000000000140b000 	/usr/lib/libFosl_dynamic.dylib
0x000000000140b000 	/System/Library/PrivateFrameworks/FaceCore.framework/Versions/A/FaceCore
0x000000000140b000 	/System/Library/Frameworks/OpenCL.framework/Versions/A/OpenCL
0x000000000140b000 	/System/Library/PrivateFrameworks/CrashReporterSupport.framework/Versions/A/CrashReporterSupport
0x000000000140b000 	/System/Library/PrivateFrameworks/IconServices.framework/Versions/A/IconServices
0x000000000140b000 	/System/Library/PrivateFrameworks/Apple80211.framework/Versions/A/Apple80211
0x000000000140b000 	/System/Library/Frameworks/CoreWLAN.framework/Versions/A/CoreWLAN
0x000000000140b000 	/System/Library/Frameworks/IOBluetooth.framework/Versions/A/IOBluetooth
0x000000000140b000 	/System/Library/PrivateFrameworks/CoreWiFi.framework/Versions/A/CoreWiFi
0x000000000140b000 	/System/Library/Frameworks/CoreBluetooth.framework/Versions/A/CoreBluetooth
0x000000000140b000 	/System/Library/PrivateFrameworks/ChunkingLibrary.framework/Versions/A/ChunkingLibrary
0x000000000140b000 	/System/Library/PrivateFrameworks/DebugSymbols.framework/Versions/A/DebugSymbols
0x000000000140b000 	/System/Library/PrivateFrameworks/CoreSymbolication.framework/Versions/A/CoreSymbolication
0x000000000140b000 	/System/Library/PrivateFrameworks/Symbolication.framework/Versions/A/Symbolication
0x000000000140b000 	/System/Library/PrivateFrameworks/SpeechRecognitionCore.framework/Versions/A/SpeechRecognitionCore
0x0000000104b7d000 	/Library/Java/JavaVirtualMachines/jdk1.8.0_111.jdk/Contents/Home/jre/lib/server/libjvm.dylib
0x000000000140b000 	/usr/lib/libstdc++.6.dylib
0x0000000105b1e000 	/Library/Java/JavaVirtualMachines/jdk1.8.0_111.jdk/Contents/Home/jre/lib/libverify.dylib
0x0000000105b30000 	/Library/Java/JavaVirtualMachines/jdk1.8.0_111.jdk/Contents/Home/jre/lib/libjava.dylib
0x0000000105b66000 	/Library/Java/JavaVirtualMachines/jdk1.8.0_111.jdk/Contents/Home/jre/lib/libinstrument.dylib
0x0000000105bc4000 	/Library/Java/JavaVirtualMachines/jdk1.8.0_111.jdk/Contents/Home/jre/lib/libzip.dylib
0x0000000118e48000 	/System/Library/Frameworks/JavaVM.framework/Frameworks/JavaRuntimeSupport.framework/JavaRuntimeSupport
0x0000000118e63000 	/System/Library/Frameworks/JavaVM.framework/Versions/A/Frameworks/JavaNativeFoundation.framework/Versions/A/JavaNativeFoundation
0x0000000118e78000 	/System/Library/Frameworks/JavaVM.framework/Versions/A/JavaVM
0x000000000140b000 	/System/Library/Frameworks/Carbon.framework/Versions/A/Carbon
0x0000000118e85000 	/System/Library/PrivateFrameworks/JavaLaunching.framework/Versions/A/JavaLaunching
0x000000000140b000 	/System/Library/Frameworks/Carbon.framework/Versions/A/Frameworks/CommonPanels.framework/Versions/A/CommonPanels
0x000000000140b000 	/System/Library/Frameworks/Carbon.framework/Versions/A/Frameworks/Help.framework/Versions/A/Help
0x000000000140b000 	/System/Library/Frameworks/Carbon.framework/Versions/A/Frameworks/ImageCapture.framework/Versions/A/ImageCapture
0x000000000140b000 	/System/Library/Frameworks/Carbon.framework/Versions/A/Frameworks/OpenScripting.framework/Versions/A/OpenScripting
0x000000000140b000 	/System/Library/Frameworks/Carbon.framework/Versions/A/Frameworks/Print.framework/Versions/A/Print
0x000000000140b000 	/System/Library/Frameworks/Carbon.framework/Versions/A/Frameworks/SecurityHI.framework/Versions/A/SecurityHI
0x000000011b023000 	/Library/Java/JavaVirtualMachines/jdk1.8.0_111.jdk/Contents/Home/jre/lib/libnet.dylib
0x000000011ba82000 	/Library/Java/JavaVirtualMachines/jdk1.8.0_111.jdk/Contents/Home/jre/lib/libmanagement.dylib
0x000000011c294000 	/Library/Java/JavaVirtualMachines/jdk1.8.0_111.jdk/Contents/Home/jre/lib/libnio.dylib
0x000000011d063000 	/Library/Java/JavaVirtualMachines/jdk1.8.0_111.jdk/Contents/Home/jre/lib/libsunec.dylib

VM Arguments:
jvm_args: -Dendpoints.shutdown.enabled=true -Denv=development -Dfull.stacktrace=false -Dgrails.env=development -Dgrails.full.stacktrace=false -Dinfo.app.grailsVersion=3.3.6 -Dinfo.app.name=hud -Dinfo.app.version=0.1 -Djdk.reflect.allowGetCallerClass=true -Drun.active=true -Dspring.output.ansi.enabled=always -Dspring.profiles.active -Dspringloaded=inclusions=grails.plugins..*;synchronize=true;allowSplitPackages=true;cacheDir=/Users/joel/Sites/hud/build/springloaded -Dverbose=false -XX:+TieredCompilation -XX:TieredStopAtLevel=1 -XX:CICompilerCount=3 -javaagent:/Users/joel/.gradle/caches/modules-2/files-2.1/org.springframework/springloaded/1.2.8.RELEASE/b60bac05b0451cdc1863bfec617f39aa0dcaaa43/springloaded-1.2.8.RELEASE.jar -Xverify:none -Xms768m -Xmx768m -Dfile.encoding=UTF-8 -Duser.country=US -Duser.language=en -Duser.variant 
java_command: harvard.Application
java_class_path (initial): /Users/joel/Sites/hud/src/main/resources:/Users/joel/Sites/hud/grails-app/views:/Users/joel/Sites/hud/grails-app/i18n:/Users/joel/Sites/hud/grails-app/conf:/Users/joel/Sites/hud/grails-app/migrations:/Users/joel/Sites/hud/build/classes/main:/Users/joel/Sites/hud/build/resources/main:/Users/joel/Sites/hud/gsp-classes:/Users/joel/.gradle/caches/modules-2/files-2.1/org.springframework.boot/spring-boot-starter-logging/1.5.14.RELEASE/970e7424050d1d1179640ec53b24953fa29fdcbd/spring-boot-starter-logging-1.5.14.RELEASE.jar:/Users/joel/.gradle/caches/modules-2/files-2.1/org.springframework.boot/spring-boot-autoconfigure/1.5.14.RELEASE/a33f2ce0b5c4a41d61aa5fa1817d0055dea7150e/spring-boot-autoconfigure-1.5.14.RELEASE.jar:/Users/joel/.gradle/caches/modules-2/files-2.1/org.grails/grails-core/3.3.6/4e108aaae7ce13bfb2aaa054deeed91c96d5926d/grails-core-3.3.6.jar:/Users/joel/.gradle/caches/modules-2/files-2.1/org.springframework.boot/spring-boot-starter-actuator/1.5.14.RELEASE/b25f52cc7db0bbe03c69a8a7efb2bbb6183c0796/spring-boot-starter-actuator-1.5.14.RELEASE.jar:/Users/joel/.gradle/caches/modules-2/files-2.1/org.springframework.boot/spring-boot-starter-tomcat/1.5.14.RELEASE/ec97b1bdac6feee248116a79c537023894950e4c/spring-boot-starter-tomcat-1.5.14.RELEASE.jar:/Users/joel/.gradle/caches/modules-2/files-2.1/org.grails/grails-web-boot/3.3.6/2de31a5d93f470fba29f84e150dae4d728604db8/grails-web-boot-3.3.6.jar:/Users/joel/.gradle/caches/modules-2/files-2.1/org.grails/grails-logging/3.3.6/9ee745dc28866ad5c9460a85c068f25889bf300f/grails-logging-3.3.6.jar:/Users/joel/.gradle/caches/modules-2/files-2.1/org.grails/grails-plugin-rest/3.3.6/76b5c665d761a3c49d0b9b0d5f6fb1a91990ba6b/grails-plugin-rest-3.3.6.jar:/Users/joel/.gradle/caches/modules-2/files-2.1/org.grails/grails-plugin-databinding/3.3.6/f8b87062ae1998ea692ff35efb20fbae516a284e/grails-plugin-databinding-3.3.6.jar:/Users/joel/.gradle/caches/modules-2/files-2.1/org.grails/grails-plugin-i18n/3.3.6/99209cc89f0
Launcher Type: SUN_STANDARD

Environment Variables:
PATH=/Users/joel/Projects/google-cloud-sdk/bin:/Users/joel/.rvm/gems/ruby-2.4.1/bin:/Users/joel/.rvm/gems/ruby-2.4.1@global/bin:/Users/joel/.rvm/rubies/ruby-2.4.1/bin:/usr/local/bin:/usr/bin:/bin:/usr/sbin:/sbin:/opt/X11/bin:/Users/joel/.rvm/bin
SHELL=/bin/bash
DISPLAY=/private/tmp/com.apple.launchd.m4L1Rc6Fm8/org.macosforge.xquartz:0

Signal Handlers:
SIGSEGV: [libjvm.dylib+0x5b03ed], sa_mask[0]=11111111011111110111111111111111, sa_flags=SA_ONSTACK|SA_RESTART|SA_SIGINFO
SIGBUS: [libjvm.dylib+0x5b03ed], sa_mask[0]=11111111011111110111111111111111, sa_flags=SA_RESTART|SA_SIGINFO
SIGFPE: [libjvm.dylib+0x48711c], sa_mask[0]=11111111011111110111111111111111, sa_flags=SA_RESTART|SA_SIGINFO
SIGPIPE: [libjvm.dylib+0x48711c], sa_mask[0]=11111111011111110111111111111111, sa_flags=SA_RESTART|SA_SIGINFO
SIGXFSZ: [libjvm.dylib+0x48711c], sa_mask[0]=11111111011111110111111111111111, sa_flags=SA_RESTART|SA_SIGINFO
SIGILL: [libjvm.dylib+0x48711c], sa_mask[0]=11111111011111110111111111111111, sa_flags=SA_RESTART|SA_SIGINFO
SIGUSR1: SIG_DFL, sa_mask[0]=11011111011111100000000111000110, sa_flags=none
SIGUSR2: [libjvm.dylib+0x486c3a], sa_mask[0]=00100000000000000000000000000000, sa_flags=SA_RESTART|SA_SIGINFO
SIGHUP: [libjvm.dylib+0x485211], sa_mask[0]=11111111011111110111111111111111, sa_flags=SA_RESTART|SA_SIGINFO
SIGINT: [libjvm.dylib+0x485211], sa_mask[0]=11111111011111110111111111111111, sa_flags=SA_RESTART|SA_SIGINFO
SIGTERM: [libjvm.dylib+0x485211], sa_mask[0]=11111111011111110111111111111111, sa_flags=SA_RESTART|SA_SIGINFO
SIGQUIT: [libjvm.dylib+0x485211], sa_mask[0]=11111111011111110111111111111111, sa_flags=SA_RESTART|SA_SIGINFO


---------------  S Y S T E M  ---------------

OS:Bsduname:Darwin 15.6.0 Darwin Kernel Version 15.6.0: Thu Jun 23 18:25:34 PDT 2016; root:xnu-3248.60.10~1/RELEASE_X86_64 x86_64
rlimit: STACK 8192k, CORE 0k, NPROC 709, NOFILE 10240, AS infinity
load average:2.27 2.70 2.20

CPU:total 4 (2 cores per cpu, 2 threads per core) family 6 model 61 stepping 4, cmov, cx8, fxsr, mmx, sse, sse2, sse3, ssse3, sse4.1, sse4.2, popcnt, avx, avx2, aes, clmul, erms, 3dnowpref, lzcnt, ht, tsc, tscinvbit, bmi1, bmi2, adx

Memory: 4k page, physical 8388608k(961176k free)

/proc/meminfo:


vm_info: Java HotSpot(TM) 64-Bit Server VM (25.111-b14) for bsd-amd64 JRE (1.8.0_111-b14), built on Sep 22 2016 15:31:41 by "java_re" with gcc 4.2.1 (Based on Apple Inc. build 5658) (LLVM build 2336.11.00)

time: Thu Jul 19 10:44:47 2018
elapsed time: 7704 seconds (0d 2h 8m 24s)

